mode: set
github.com/xzxiong/pdf-parser/main.go:98.48,103.2 1 1
github.com/xzxiong/pdf-parser/main.go:111.71,117.45 2 1
github.com/xzxiong/pdf-parser/main.go:117.45,119.3 1 1
github.com/xzxiong/pdf-parser/main.go:122.2,122.37 1 1
github.com/xzxiong/pdf-parser/main.go:122.37,124.3 1 1
github.com/xzxiong/pdf-parser/main.go:127.2,127.15 1 1
github.com/xzxiong/pdf-parser/main.go:134.92,138.31 2 1
github.com/xzxiong/pdf-parser/main.go:138.31,141.20 2 1
github.com/xzxiong/pdf-parser/main.go:141.20,142.12 1 1
github.com/xzxiong/pdf-parser/main.go:146.3,146.60 1 1
github.com/xzxiong/pdf-parser/main.go:150.2,151.39 2 1
github.com/xzxiong/pdf-parser/main.go:151.39,154.30 2 1
github.com/xzxiong/pdf-parser/main.go:154.30,156.4 1 1
github.com/xzxiong/pdf-parser/main.go:159.3,159.28 1 1
github.com/xzxiong/pdf-parser/main.go:159.28,162.34 2 1
github.com/xzxiong/pdf-parser/main.go:162.34,164.5 1 1
github.com/xzxiong/pdf-parser/main.go:165.4,165.30 1 1
github.com/xzxiong/pdf-parser/main.go:169.2,169.15 1 1
github.com/xzxiong/pdf-parser/main.go:176.73,180.16 3 1
github.com/xzxiong/pdf-parser/main.go:180.16,182.3 1 0
github.com/xzxiong/pdf-parser/main.go:184.2,184.51 1 1
github.com/xzxiong/pdf-parser/main.go:184.51,186.17 2 1
github.com/xzxiong/pdf-parser/main.go:186.17,189.12 2 0
github.com/xzxiong/pdf-parser/main.go:193.3,194.17 2 1
github.com/xzxiong/pdf-parser/main.go:194.17,196.12 2 0
github.com/xzxiong/pdf-parser/main.go:198.3,202.17 3 1
github.com/xzxiong/pdf-parser/main.go:202.17,204.12 2 0
github.com/xzxiong/pdf-parser/main.go:208.3,209.17 2 1
github.com/xzxiong/pdf-parser/main.go:209.17,211.12 2 1
github.com/xzxiong/pdf-parser/main.go:215.3,216.47 2 0
github.com/xzxiong/pdf-parser/main.go:216.47,219.18 2 0
github.com/xzxiong/pdf-parser/main.go:219.18,226.5 1 0
github.com/xzxiong/pdf-parser/main.go:227.4,227.12 1 0
github.com/xzxiong/pdf-parser/main.go:232.3,235.45 3 0
github.com/xzxiong/pdf-parser/main.go:235.45,240.41 3 0
github.com/xzxiong/pdf-parser/main.go:240.41,241.34 1 0
github.com/xzxiong/pdf-parser/main.go:241.34,244.11 3 0
github.com/xzxiong/pdf-parser/main.go:247.4,247.14 1 0
github.com/xzxiong/pdf-parser/main.go:247.14,250.5 2 0
github.com/xzxiong/pdf-parser/main.go:254.3,254.35 1 0
github.com/xzxiong/pdf-parser/main.go:254.35,257.22 3 0
github.com/xzxiong/pdf-parser/main.go:257.22,264.5 1 0
github.com/xzxiong/pdf-parser/main.go:268.2,268.20 1 1
github.com/xzxiong/pdf-parser/main.go:272.29,273.11 1 1
github.com/xzxiong/pdf-parser/main.go:273.11,275.3 1 0
github.com/xzxiong/pdf-parser/main.go:276.2,276.10 1 1
github.com/xzxiong/pdf-parser/main.go:283.97,286.16 2 1
github.com/xzxiong/pdf-parser/main.go:286.16,288.3 1 0
github.com/xzxiong/pdf-parser/main.go:291.2,292.31 2 1
github.com/xzxiong/pdf-parser/main.go:292.31,294.3 1 0
github.com/xzxiong/pdf-parser/main.go:297.2,310.16 5 1
github.com/xzxiong/pdf-parser/main.go:310.16,312.3 1 0
github.com/xzxiong/pdf-parser/main.go:315.2,315.51 1 1
github.com/xzxiong/pdf-parser/main.go:315.51,317.27 2 1
github.com/xzxiong/pdf-parser/main.go:317.27,318.12 1 1
github.com/xzxiong/pdf-parser/main.go:321.3,323.36 2 0
github.com/xzxiong/pdf-parser/main.go:323.36,328.54 2 0
github.com/xzxiong/pdf-parser/main.go:328.54,329.13 1 0
github.com/xzxiong/pdf-parser/main.go:333.4,334.65 2 0
github.com/xzxiong/pdf-parser/main.go:334.65,335.13 1 0
github.com/xzxiong/pdf-parser/main.go:339.4,340.44 2 0
github.com/xzxiong/pdf-parser/main.go:340.44,341.37 1 0
github.com/xzxiong/pdf-parser/main.go:341.37,343.11 2 0
github.com/xzxiong/pdf-parser/main.go:346.4,346.17 1 0
github.com/xzxiong/pdf-parser/main.go:346.17,347.13 1 0
github.com/xzxiong/pdf-parser/main.go:351.4,351.50 1 0
github.com/xzxiong/pdf-parser/main.go:355.3,355.29 1 0
github.com/xzxiong/pdf-parser/main.go:355.29,361.26 2 0
github.com/xzxiong/pdf-parser/main.go:361.26,367.29 4 0
github.com/xzxiong/pdf-parser/main.go:367.29,369.28 2 0
github.com/xzxiong/pdf-parser/main.go:369.28,374.7 2 0
github.com/xzxiong/pdf-parser/main.go:379.5,379.53 1 0
github.com/xzxiong/pdf-parser/main.go:379.53,382.29 2 0
github.com/xzxiong/pdf-parser/main.go:382.29,384.26 2 0
github.com/xzxiong/pdf-parser/main.go:384.26,386.16 2 0
github.com/xzxiong/pdf-parser/main.go:389.7,390.15 2 0
github.com/xzxiong/pdf-parser/main.go:395.4,398.6 1 0
github.com/xzxiong/pdf-parser/main.go:402.2,402.23 1 1
github.com/xzxiong/pdf-parser/main.go:408.104,411.16 2 1
github.com/xzxiong/pdf-parser/main.go:411.16,413.3 1 0
github.com/xzxiong/pdf-parser/main.go:416.2,417.31 2 1
github.com/xzxiong/pdf-parser/main.go:417.31,419.28 2 0
github.com/xzxiong/pdf-parser/main.go:419.28,421.4 1 0
github.com/xzxiong/pdf-parser/main.go:425.2,425.28 1 1
github.com/xzxiong/pdf-parser/main.go:425.28,427.3 1 1
github.com/xzxiong/pdf-parser/main.go:430.2,433.33 2 0
github.com/xzxiong/pdf-parser/main.go:433.33,435.3 1 0
github.com/xzxiong/pdf-parser/main.go:438.2,442.48 2 0
github.com/xzxiong/pdf-parser/main.go:442.48,447.30 3 0
github.com/xzxiong/pdf-parser/main.go:447.30,448.19 1 0
github.com/xzxiong/pdf-parser/main.go:448.19,450.5 1 0
github.com/xzxiong/pdf-parser/main.go:450.10,452.5 1 0
github.com/xzxiong/pdf-parser/main.go:457.3,461.5 1 0
github.com/xzxiong/pdf-parser/main.go:464.2,464.21 1 0
github.com/xzxiong/pdf-parser/main.go:470.104,473.16 2 1
github.com/xzxiong/pdf-parser/main.go:473.16,475.3 1 0
github.com/xzxiong/pdf-parser/main.go:478.2,479.31 2 1
github.com/xzxiong/pdf-parser/main.go:479.31,481.28 2 0
github.com/xzxiong/pdf-parser/main.go:481.28,483.4 1 0
github.com/xzxiong/pdf-parser/main.go:487.2,487.28 1 1
github.com/xzxiong/pdf-parser/main.go:487.28,489.3 1 1
github.com/xzxiong/pdf-parser/main.go:492.2,498.50 3 0
github.com/xzxiong/pdf-parser/main.go:498.50,500.3 1 0
github.com/xzxiong/pdf-parser/main.go:503.2,506.42 2 0
github.com/xzxiong/pdf-parser/main.go:506.42,509.38 2 0
github.com/xzxiong/pdf-parser/main.go:509.38,511.17 2 0
github.com/xzxiong/pdf-parser/main.go:511.17,513.5 1 0
github.com/xzxiong/pdf-parser/main.go:516.3,516.28 1 0
github.com/xzxiong/pdf-parser/main.go:516.28,522.4 1 0
github.com/xzxiong/pdf-parser/main.go:526.2,526.48 1 0
github.com/xzxiong/pdf-parser/main.go:526.48,529.43 1 0
github.com/xzxiong/pdf-parser/main.go:529.43,532.17 2 0
github.com/xzxiong/pdf-parser/main.go:532.17,533.13 1 0
github.com/xzxiong/pdf-parser/main.go:538.3,541.30 3 0
github.com/xzxiong/pdf-parser/main.go:541.30,542.19 1 0
github.com/xzxiong/pdf-parser/main.go:542.19,544.5 1 0
github.com/xzxiong/pdf-parser/main.go:544.10,546.5 1 0
github.com/xzxiong/pdf-parser/main.go:550.3,554.5 1 0
github.com/xzxiong/pdf-parser/main.go:557.2,557.21 1 0
github.com/xzxiong/pdf-parser/main.go:564.71,582.35 3 1
github.com/xzxiong/pdf-parser/main.go:582.35,584.24 2 1
github.com/xzxiong/pdf-parser/main.go:584.24,590.18 4 1
github.com/xzxiong/pdf-parser/main.go:590.18,593.51 1 1
github.com/xzxiong/pdf-parser/main.go:593.51,595.6 1 1
github.com/xzxiong/pdf-parser/main.go:599.4,599.30 1 1
github.com/xzxiong/pdf-parser/main.go:599.30,601.21 2 1
github.com/xzxiong/pdf-parser/main.go:601.21,603.6 1 1
github.com/xzxiong/pdf-parser/main.go:608.2,608.17 1 1
github.com/xzxiong/pdf-parser/main.go:619.72,620.27 1 1
github.com/xzxiong/pdf-parser/main.go:620.27,623.3 1 1
github.com/xzxiong/pdf-parser/main.go:626.2,630.43 3 1
github.com/xzxiong/pdf-parser/main.go:630.43,631.46 1 1
github.com/xzxiong/pdf-parser/main.go:631.46,632.53 1 1
github.com/xzxiong/pdf-parser/main.go:632.53,634.5 1 0
github.com/xzxiong/pdf-parser/main.go:639.2,642.41 3 1
github.com/xzxiong/pdf-parser/main.go:642.41,646.16 3 1
github.com/xzxiong/pdf-parser/main.go:646.16,648.50 1 1
github.com/xzxiong/pdf-parser/main.go:648.50,652.22 2 1
github.com/xzxiong/pdf-parser/main.go:652.22,655.6 1 1
github.com/xzxiong/pdf-parser/main.go:661.2,661.27 1 1
github.com/xzxiong/pdf-parser/main.go:661.27,663.3 1 1
github.com/xzxiong/pdf-parser/main.go:665.2,665.18 1 1
github.com/xzxiong/pdf-parser/main.go:670.36,672.22 2 1
github.com/xzxiong/pdf-parser/main.go:672.22,673.87 1 1
github.com/xzxiong/pdf-parser/main.go:673.87,675.4 1 1
github.com/xzxiong/pdf-parser/main.go:677.2,677.19 1 1
github.com/xzxiong/pdf-parser/main.go:683.31,698.35 5 1
github.com/xzxiong/pdf-parser/main.go:698.35,700.24 2 1
github.com/xzxiong/pdf-parser/main.go:700.24,702.4 1 1
github.com/xzxiong/pdf-parser/main.go:702.9,704.4 1 1
github.com/xzxiong/pdf-parser/main.go:705.3,705.20 1 1
github.com/xzxiong/pdf-parser/main.go:708.2,708.15 1 1
github.com/xzxiong/pdf-parser/main.go:715.61,718.16 2 1
github.com/xzxiong/pdf-parser/main.go:718.16,720.3 1 1
github.com/xzxiong/pdf-parser/main.go:721.2,725.16 3 1
github.com/xzxiong/pdf-parser/main.go:725.16,727.3 1 0
github.com/xzxiong/pdf-parser/main.go:730.2,743.35 4 1
github.com/xzxiong/pdf-parser/main.go:743.35,745.3 1 1
github.com/xzxiong/pdf-parser/main.go:745.8,745.23 1 0
github.com/xzxiong/pdf-parser/main.go:745.23,747.3 1 0
github.com/xzxiong/pdf-parser/main.go:750.2,751.16 2 1
github.com/xzxiong/pdf-parser/main.go:751.16,753.3 1 0
github.com/xzxiong/pdf-parser/main.go:753.8,756.3 1 1
github.com/xzxiong/pdf-parser/main.go:759.2,760.16 2 1
github.com/xzxiong/pdf-parser/main.go:760.16,764.3 2 0
github.com/xzxiong/pdf-parser/main.go:764.8,766.18 1 1
github.com/xzxiong/pdf-parser/main.go:766.18,768.4 1 1
github.com/xzxiong/pdf-parser/main.go:768.9,770.4 1 0
github.com/xzxiong/pdf-parser/main.go:774.2,775.16 2 1
github.com/xzxiong/pdf-parser/main.go:775.16,779.3 2 0
github.com/xzxiong/pdf-parser/main.go:779.8,781.21 1 1
github.com/xzxiong/pdf-parser/main.go:781.21,783.4 1 0
github.com/xzxiong/pdf-parser/main.go:783.9,785.4 1 1
github.com/xzxiong/pdf-parser/main.go:789.2,790.16 2 1
github.com/xzxiong/pdf-parser/main.go:790.16,794.3 2 0
github.com/xzxiong/pdf-parser/main.go:794.8,796.21 1 1
github.com/xzxiong/pdf-parser/main.go:796.21,798.4 1 0
github.com/xzxiong/pdf-parser/main.go:798.9,800.4 1 1
github.com/xzxiong/pdf-parser/main.go:803.2,803.21 1 1
github.com/xzxiong/pdf-parser/main.go:810.57,813.16 2 1
github.com/xzxiong/pdf-parser/main.go:813.16,815.3 1 1
github.com/xzxiong/pdf-parser/main.go:816.2,820.16 3 1
github.com/xzxiong/pdf-parser/main.go:820.16,822.3 1 1
github.com/xzxiong/pdf-parser/main.go:824.2,828.35 3 1
github.com/xzxiong/pdf-parser/main.go:828.35,830.3 1 1
github.com/xzxiong/pdf-parser/main.go:830.8,830.23 1 0
github.com/xzxiong/pdf-parser/main.go:830.23,832.3 1 0
github.com/xzxiong/pdf-parser/main.go:835.2,836.16 2 1
github.com/xzxiong/pdf-parser/main.go:836.16,839.3 2 0
github.com/xzxiong/pdf-parser/main.go:842.2,844.22 2 1
github.com/xzxiong/pdf-parser/main.go:854.77,858.16 3 1
github.com/xzxiong/pdf-parser/main.go:858.16,860.3 1 0
github.com/xzxiong/pdf-parser/main.go:863.2,872.51 2 1
github.com/xzxiong/pdf-parser/main.go:872.51,874.17 2 1
github.com/xzxiong/pdf-parser/main.go:874.17,876.12 2 0
github.com/xzxiong/pdf-parser/main.go:879.3,880.17 2 1
github.com/xzxiong/pdf-parser/main.go:880.17,882.12 2 0
github.com/xzxiong/pdf-parser/main.go:885.3,886.17 2 1
github.com/xzxiong/pdf-parser/main.go:886.17,888.12 2 1
github.com/xzxiong/pdf-parser/main.go:892.3,892.50 1 0
github.com/xzxiong/pdf-parser/main.go:892.50,894.18 2 0
github.com/xzxiong/pdf-parser/main.go:894.18,895.13 1 0
github.com/xzxiong/pdf-parser/main.go:899.4,899.37 1 0
github.com/xzxiong/pdf-parser/main.go:899.37,901.26 2 0
github.com/xzxiong/pdf-parser/main.go:901.26,912.11 4 0
github.com/xzxiong/pdf-parser/main.go:918.2,918.22 1 1
github.com/xzxiong/pdf-parser/main.go:924.71,930.36 3 1
github.com/xzxiong/pdf-parser/main.go:930.36,932.17 2 1
github.com/xzxiong/pdf-parser/main.go:932.17,935.4 2 1
github.com/xzxiong/pdf-parser/main.go:939.2,939.33 1 1
github.com/xzxiong/pdf-parser/main.go:939.33,942.35 2 1
github.com/xzxiong/pdf-parser/main.go:942.35,946.81 1 1
github.com/xzxiong/pdf-parser/main.go:946.81,948.10 2 1
github.com/xzxiong/pdf-parser/main.go:951.3,951.13 1 1
github.com/xzxiong/pdf-parser/main.go:951.13,953.4 1 1
github.com/xzxiong/pdf-parser/main.go:956.2,956.15 1 1
github.com/xzxiong/pdf-parser/main.go:962.86,963.29 1 1
github.com/xzxiong/pdf-parser/main.go:963.29,972.28 2 1
github.com/xzxiong/pdf-parser/main.go:972.28,974.4 1 1
github.com/xzxiong/pdf-parser/main.go:982.70,990.55 4 1
github.com/xzxiong/pdf-parser/main.go:990.55,995.38 2 1
github.com/xzxiong/pdf-parser/main.go:995.38,999.33 3 1
github.com/xzxiong/pdf-parser/main.go:999.33,1001.5 1 1
github.com/xzxiong/pdf-parser/main.go:1002.4,1002.112 1 1
github.com/xzxiong/pdf-parser/main.go:1004.3,1004.27 1 1
github.com/xzxiong/pdf-parser/main.go:1008.2,1008.53 1 1
github.com/xzxiong/pdf-parser/main.go:1008.53,1011.42 2 1
github.com/xzxiong/pdf-parser/main.go:1011.42,1015.4 2 1
github.com/xzxiong/pdf-parser/main.go:1016.3,1016.27 1 1
github.com/xzxiong/pdf-parser/main.go:1020.2,1020.53 1 1
github.com/xzxiong/pdf-parser/main.go:1020.53,1023.42 2 1
github.com/xzxiong/pdf-parser/main.go:1023.42,1027.4 2 1
github.com/xzxiong/pdf-parser/main.go:1028.3,1028.27 1 1
github.com/xzxiong/pdf-parser/main.go:1032.2,1032.47 1 1
github.com/xzxiong/pdf-parser/main.go:1032.47,1033.37 1 1
github.com/xzxiong/pdf-parser/main.go:1033.37,1037.4 3 1
github.com/xzxiong/pdf-parser/main.go:1040.2,1040.24 1 1
github.com/xzxiong/pdf-parser/main.go:1046.44,1047.21 1 1
github.com/xzxiong/pdf-parser/main.go:1047.21,1049.3 1 1
github.com/xzxiong/pdf-parser/main.go:1052.2,1056.42 3 1
github.com/xzxiong/pdf-parser/main.go:1056.42,1057.45 1 1
github.com/xzxiong/pdf-parser/main.go:1057.45,1058.41 1 1
github.com/xzxiong/pdf-parser/main.go:1058.41,1060.5 1 1
github.com/xzxiong/pdf-parser/main.go:1065.2,1066.40 2 1
github.com/xzxiong/pdf-parser/main.go:1066.40,1067.41 1 1
github.com/xzxiong/pdf-parser/main.go:1067.41,1069.4 1 1
github.com/xzxiong/pdf-parser/main.go:1073.2,1077.40 4 1
github.com/xzxiong/pdf-parser/main.go:1077.40,1078.30 1 1
github.com/xzxiong/pdf-parser/main.go:1078.30,1081.4 1 1
github.com/xzxiong/pdf-parser/main.go:1081.9,1083.20 1 1
github.com/xzxiong/pdf-parser/main.go:1083.20,1085.5 1 0
github.com/xzxiong/pdf-parser/main.go:1085.10,1087.5 1 1
github.com/xzxiong/pdf-parser/main.go:1088.4,1089.24 2 1
github.com/xzxiong/pdf-parser/main.go:1094.2,1094.18 1 1
github.com/xzxiong/pdf-parser/main.go:1094.18,1096.3 1 1
github.com/xzxiong/pdf-parser/main.go:1096.8,1098.3 1 1
github.com/xzxiong/pdf-parser/main.go:1100.2,1100.53 1 1
github.com/xzxiong/pdf-parser/main.go:1106.56,1109.16 2 1
github.com/xzxiong/pdf-parser/main.go:1109.16,1111.3 1 0
github.com/xzxiong/pdf-parser/main.go:1113.2,1113.31 1 1
github.com/xzxiong/pdf-parser/main.go:1119.19,1180.2 60 0
github.com/xzxiong/pdf-parser/main.go:1182.13,1184.22 1 0
github.com/xzxiong/pdf-parser/main.go:1184.22,1187.3 2 0
github.com/xzxiong/pdf-parser/main.go:1190.2,1200.23 9 0
github.com/xzxiong/pdf-parser/main.go:1200.23,1203.14 2 0
github.com/xzxiong/pdf-parser/main.go:1204.23,1206.14 2 0
github.com/xzxiong/pdf-parser/main.go:1208.24,1210.7 2 0
github.com/xzxiong/pdf-parser/main.go:1212.24,1214.7 2 0
github.com/xzxiong/pdf-parser/main.go:1216.25,1218.7 2 0
github.com/xzxiong/pdf-parser/main.go:1220.27,1222.7 2 0
github.com/xzxiong/pdf-parser/main.go:1224.27,1226.7 2 0
github.com/xzxiong/pdf-parser/main.go:1228.19,1230.27 1 0
github.com/xzxiong/pdf-parser/main.go:1230.27,1234.5 3 0
github.com/xzxiong/pdf-parser/main.go:1235.4,1237.56 3 0
github.com/xzxiong/pdf-parser/main.go:1237.56,1240.5 2 0
github.com/xzxiong/pdf-parser/main.go:1241.4,1241.7 1 0
github.com/xzxiong/pdf-parser/main.go:1243.11,1245.36 1 0
github.com/xzxiong/pdf-parser/main.go:1245.36,1246.22 1 0
github.com/xzxiong/pdf-parser/main.go:1246.22,1250.6 3 0
github.com/xzxiong/pdf-parser/main.go:1251.5,1252.8 2 0
github.com/xzxiong/pdf-parser/main.go:1253.10,1257.5 3 0
github.com/xzxiong/pdf-parser/main.go:1262.2,1262.19 1 0
github.com/xzxiong/pdf-parser/main.go:1262.19,1266.3 3 0
github.com/xzxiong/pdf-parser/main.go:1269.2,1269.69 1 0
github.com/xzxiong/pdf-parser/main.go:1269.69,1271.3 1 0
github.com/xzxiong/pdf-parser/main.go:1274.2,1283.16 3 0
github.com/xzxiong/pdf-parser/main.go:1283.16,1285.3 1 0
github.com/xzxiong/pdf-parser/main.go:1288.2,1289.28 2 0
github.com/xzxiong/pdf-parser/main.go:1289.28,1291.17 2 0
github.com/xzxiong/pdf-parser/main.go:1291.17,1293.4 1 0
github.com/xzxiong/pdf-parser/main.go:1294.8,1296.3 1 0
github.com/xzxiong/pdf-parser/main.go:1299.2,1302.15 2 0
github.com/xzxiong/pdf-parser/main.go:1302.15,1308.3 5 0
